[24888:18344:0619/180056.379:INFO:components\enterprise\browser\controller\chrome_browser_cloud_management_controller.cc:202] No machine level policy manager exists.
[23464:27560:0619/180056.480:ERROR:ui\gl\direct_composition_support.cc:615] AMD VideoProcessorGetOutputExtension failed: Неопознанная ошибка (0x80004005)
[23464:27560:0619/180056.485:WARNING:ui\gl\direct_composition_support.cc:1167] QueryInterface to IDCompositionDevice4 failed: Интерфейс не поддерживается (0x80004002)
[10380:7688:0619/180058.282:INFO:third_party\blink\renderer\modules\peerconnection\peer_connection_dependency_factory.cc:802] Running WebRTC with a combined Network and Worker thread.
[10380:7688:0619/180059.871:INFO:third_party\blink\renderer\modules\peerconnection\peer_connection_dependency_factory.cc:802] Running WebRTC with a combined Network and Worker thread.
[24888:27340:0619/180101.721:ERROR:google_apis\gcm\engine\registration_request.cc:291] Registration response error message: DEPRECATED_ENDPOINT
[10380:7688:0619/180103.205:INFO:third_party\blink\renderer\modules\peerconnection\peer_connection_dependency_factory.cc:802] Running WebRTC with a combined Network and Worker thread.
[10380:24112:0619/180103.608:WARNING:third_party\webrtc\media\engine\webrtc_voice_engine.cc:803] Attempting to stop aecdump when no audio processing module is present
[10380:7688:0619/180104.552:INFO:third_party\blink\renderer\modules\peerconnection\peer_connection_dependency_factory.cc:802] Running WebRTC with a combined Network and Worker thread.
[10380:24112:0619/180105.032:WARNING:third_party\webrtc\media\engine\webrtc_voice_engine.cc:803] Attempting to stop aecdump when no audio processing module is present
[10380:7688:0619/180105.968:INFO:third_party\blink\renderer\modules\peerconnection\peer_connection_dependency_factory.cc:802] Running WebRTC with a combined Network and Worker thread.
[10380:24112:0619/180106.409:WARNING:third_party\webrtc\media\engine\webrtc_voice_engine.cc:803] Attempting to stop aecdump when no audio processing module is present
[10380:7688:0619/180107.226:INFO:third_party\blink\renderer\modules\peerconnection\peer_connection_dependency_factory.cc:802] Running WebRTC with a combined Network and Worker thread.
[10380:24112:0619/180107.730:WARNING:third_party\webrtc\media\engine\webrtc_voice_engine.cc:803] Attempting to stop aecdump when no audio processing module is present
[10380:7688:0619/180108.707:INFO:third_party\blink\renderer\modules\peerconnection\peer_connection_dependency_factory.cc:802] Running WebRTC with a combined Network and Worker thread.
[10380:24112:0619/180109.124:WARNING:third_party\webrtc\media\engine\webrtc_voice_engine.cc:803] Attempting to stop aecdump when no audio processing module is present
[10380:7688:0619/180110.223:INFO:third_party\blink\renderer\modules\peerconnection\peer_connection_dependency_factory.cc:802] Running WebRTC with a combined Network and Worker thread.
[10380:24112:0619/180110.661:WARNING:third_party\webrtc\media\engine\webrtc_voice_engine.cc:803] Attempting to stop aecdump when no audio processing module is present
[10380:7688:0619/180111.485:INFO:third_party\blink\renderer\modules\peerconnection\peer_connection_dependency_factory.cc:802] Running WebRTC with a combined Network and Worker thread.
[10380:7688:0619/180112.921:INFO:third_party\blink\renderer\modules\peerconnection\peer_connection_dependency_factory.cc:802] Running WebRTC with a combined Network and Worker thread.
[10380:24112:0619/180113.330:WARNING:third_party\webrtc\media\engine\webrtc_voice_engine.cc:803] Attempting to stop aecdump when no audio processing module is present
[10380:24112:0619/180113.342:WARNING:third_party\webrtc\media\engine\webrtc_voice_engine.cc:803] Attempting to stop aecdump when no audio processing module is present
[10380:7688:0619/180114.155:INFO:third_party\blink\renderer\modules\peerconnection\peer_connection_dependency_factory.cc:802] Running WebRTC with a combined Network and Worker thread.
[10380:24112:0619/180114.637:WARNING:third_party\webrtc\media\engine\webrtc_voice_engine.cc:803] Attempting to stop aecdump when no audio processing module is present
[10380:7688:0619/180115.652:INFO:third_party\blink\renderer\modules\peerconnection\peer_connection_dependency_factory.cc:802] Running WebRTC with a combined Network and Worker thread.
[10380:24112:0619/180116.173:WARNING:third_party\webrtc\media\engine\webrtc_voice_engine.cc:803] Attempting to stop aecdump when no audio processing module is present
[10380:7688:0619/180116.999:INFO:third_party\blink\renderer\modules\peerconnection\peer_connection_dependency_factory.cc:802] Running WebRTC with a combined Network and Worker thread.
[10380:24112:0619/180117.417:WARNING:third_party\webrtc\media\engine\webrtc_voice_engine.cc:803] Attempting to stop aecdump when no audio processing module is present
[10380:7688:0619/180118.291:INFO:third_party\blink\renderer\modules\peerconnection\peer_connection_dependency_factory.cc:802] Running WebRTC with a combined Network and Worker thread.
[10380:24112:0619/180118.738:WARNING:third_party\webrtc\media\engine\webrtc_voice_engine.cc:803] Attempting to stop aecdump when no audio processing module is present
[10380:7688:0619/180119.615:INFO:third_party\blink\renderer\modules\peerconnection\peer_connection_dependency_factory.cc:802] Running WebRTC with a combined Network and Worker thread.
[10380:24112:0619/180120.040:WARNING:third_party\webrtc\media\engine\webrtc_voice_engine.cc:803] Attempting to stop aecdump when no audio processing module is present
[10380:7688:0619/180121.082:INFO:third_party\blink\renderer\modules\peerconnection\peer_connection_dependency_factory.cc:802] Running WebRTC with a combined Network and Worker thread.
[10380:24112:0619/180121.537:WARNING:third_party\webrtc\media\engine\webrtc_voice_engine.cc:803] Attempting to stop aecdump when no audio processing module is present
[10380:7688:0619/180122.417:INFO:third_party\blink\renderer\modules\peerconnection\peer_connection_dependency_factory.cc:802] Running WebRTC with a combined Network and Worker thread.
[10380:24112:0619/180122.854:WARNING:third_party\webrtc\media\engine\webrtc_voice_engine.cc:803] Attempting to stop aecdump when no audio processing module is present
[10380:7688:0619/180123.735:INFO:third_party\blink\renderer\modules\peerconnection\peer_connection_dependency_factory.cc:802] Running WebRTC with a combined Network and Worker thread.
[10380:24112:0619/180124.159:WARNING:third_party\webrtc\media\engine\webrtc_voice_engine.cc:803] Attempting to stop aecdump when no audio processing module is present
[24888:27340:0619/180124.576:ERROR:google_apis\gcm\engine\registration_request.cc:291] Registration response error message: DEPRECATED_ENDPOINT
[10380:7688:0619/180125.156:INFO:third_party\blink\renderer\modules\peerconnection\peer_connection_dependency_factory.cc:802] Running WebRTC with a combined Network and Worker thread.
[10380:24112:0619/180125.598:WARNING:third_party\webrtc\media\engine\webrtc_voice_engine.cc:803] Attempting to stop aecdump when no audio processing module is present
[24888:8452:0619/180126.411:INFO:chrome\browser\extensions\extension_garbage_collector.cc:184] Garbage collection for extensions on file thread is complete.
[10380:7688:0619/180126.444:INFO:third_party\blink\renderer\modules\peerconnection\peer_connection_dependency_factory.cc:802] Running WebRTC with a combined Network and Worker thread.
[10380:24112:0619/180126.859:WARNING:third_party\webrtc\media\engine\webrtc_voice_engine.cc:803] Attempting to stop aecdump when no audio processing module is present
[10380:7688:0619/180127.863:INFO:third_party\blink\renderer\modules\peerconnection\peer_connection_dependency_factory.cc:802] Running WebRTC with a combined Network and Worker thread.
[10380:24112:0619/180128.278:WARNING:third_party\webrtc\media\engine\webrtc_voice_engine.cc:803] Attempting to stop aecdump when no audio processing module is present
[10380:7688:0619/180129.139:INFO:third_party\blink\renderer\modules\peerconnection\peer_connection_dependency_factory.cc:802] Running WebRTC with a combined Network and Worker thread.
[10380:24112:0619/180129.578:WARNING:third_party\webrtc\media\engine\webrtc_voice_engine.cc:803] Attempting to stop aecdump when no audio processing module is present
[10380:7688:0619/180130.599:INFO:third_party\blink\renderer\modules\peerconnection\peer_connection_dependency_factory.cc:802] Running WebRTC with a combined Network and Worker thread.
[10380:24112:0619/180131.053:WARNING:third_party\webrtc\media\engine\webrtc_voice_engine.cc:803] Attempting to stop aecdump when no audio processing module is present
[10380:7688:0619/180131.928:INFO:third_party\blink\renderer\modules\peerconnection\peer_connection_dependency_factory.cc:802] Running WebRTC with a combined Network and Worker thread.
[10380:24112:0619/180132.348:WARNING:third_party\webrtc\media\engine\webrtc_voice_engine.cc:803] Attempting to stop aecdump when no audio processing module is present
[10380:7688:0619/180133.382:INFO:third_party\blink\renderer\modules\peerconnection\peer_connection_dependency_factory.cc:802] Running WebRTC with a combined Network and Worker thread.
[10380:24112:0619/180133.792:WARNING:third_party\webrtc\media\engine\webrtc_voice_engine.cc:803] Attempting to stop aecdump when no audio processing module is present
[10380:7688:0619/180134.660:INFO:third_party\blink\renderer\modules\peerconnection\peer_connection_dependency_factory.cc:802] Running WebRTC with a combined Network and Worker thread.
[10380:24112:0619/180135.089:WARNING:third_party\webrtc\media\engine\webrtc_voice_engine.cc:803] Attempting to stop aecdump when no audio processing module is present
[10380:7688:0619/180135.954:INFO:third_party\blink\renderer\modules\peerconnection\peer_connection_dependency_factory.cc:802] Running WebRTC with a combined Network and Worker thread.
[10380:24112:0619/180136.437:WARNING:third_party\webrtc\media\engine\webrtc_voice_engine.cc:803] Attempting to stop aecdump when no audio processing module is present
[10380:7688:0619/180137.430:INFO:third_party\blink\renderer\modules\peerconnection\peer_connection_dependency_factory.cc:802] Running WebRTC with a combined Network and Worker thread.
[10380:24112:0619/180137.852:WARNING:third_party\webrtc\media\engine\webrtc_voice_engine.cc:803] Attempting to stop aecdump when no audio processing module is present
[10380:7688:0619/180138.670:INFO:third_party\blink\renderer\modules\peerconnection\peer_connection_dependency_factory.cc:802] Running WebRTC with a combined Network and Worker thread.
[10380:24112:0619/180139.161:WARNING:third_party\webrtc\media\engine\webrtc_voice_engine.cc:803] Attempting to stop aecdump when no audio processing module is present
[10380:7688:0619/180140.200:INFO:third_party\blink\renderer\modules\peerconnection\peer_connection_dependency_factory.cc:802] Running WebRTC with a combined Network and Worker thread.
[10380:7688:0619/180141.574:INFO:third_party\blink\renderer\modules\peerconnection\peer_connection_dependency_factory.cc:802] Running WebRTC with a combined Network and Worker thread.
[10380:24112:0619/180142.010:WARNING:third_party\webrtc\media\engine\webrtc_voice_engine.cc:803] Attempting to stop aecdump when no audio processing module is present
[10380:24112:0619/180142.014:WARNING:third_party\webrtc\media\engine\webrtc_voice_engine.cc:803] Attempting to stop aecdump when no audio processing module is present
[10380:7688:0619/180143.002:INFO:third_party\blink\renderer\modules\peerconnection\peer_connection_dependency_factory.cc:802] Running WebRTC with a combined Network and Worker thread.
[10380:24112:0619/180143.440:WARNING:third_party\webrtc\media\engine\webrtc_voice_engine.cc:803] Attempting to stop aecdump when no audio processing module is present
[10380:7688:0619/180144.426:INFO:third_party\blink\renderer\modules\peerconnection\peer_connection_dependency_factory.cc:802] Running WebRTC with a combined Network and Worker thread.
[10380:24112:0619/180144.841:WARNING:third_party\webrtc\media\engine\webrtc_voice_engine.cc:803] Attempting to stop aecdump when no audio processing module is present
[10380:7688:0619/180145.853:INFO:third_party\blink\renderer\modules\peerconnection\peer_connection_dependency_factory.cc:802] Running WebRTC with a combined Network and Worker thread.
[10380:24112:0619/180146.272:WARNING:third_party\webrtc\media\engine\webrtc_voice_engine.cc:803] Attempting to stop aecdump when no audio processing module is present
[10380:7688:0619/180147.113:INFO:third_party\blink\renderer\modules\peerconnection\peer_connection_dependency_factory.cc:802] Running WebRTC with a combined Network and Worker thread.
[10380:24112:0619/180147.586:WARNING:third_party\webrtc\media\engine\webrtc_voice_engine.cc:803] Attempting to stop aecdump when no audio processing module is present
[10380:7688:0619/180148.596:INFO:third_party\blink\renderer\modules\peerconnection\peer_connection_dependency_factory.cc:802] Running WebRTC with a combined Network and Worker thread.
[10380:24112:0619/180149.007:WARNING:third_party\webrtc\media\engine\webrtc_voice_engine.cc:803] Attempting to stop aecdump when no audio processing module is present
[10380:7688:0619/180149.841:INFO:third_party\blink\renderer\modules\peerconnection\peer_connection_dependency_factory.cc:802] Running WebRTC with a combined Network and Worker thread.
[10380:24112:0619/180150.287:WARNING:third_party\webrtc\media\engine\webrtc_voice_engine.cc:803] Attempting to stop aecdump when no audio processing module is present
[10380:7688:0619/180151.264:INFO:third_party\blink\renderer\modules\peerconnection\peer_connection_dependency_factory.cc:802] Running WebRTC with a combined Network and Worker thread.
[10380:24112:0619/180151.669:WARNING:third_party\webrtc\media\engine\webrtc_voice_engine.cc:803] Attempting to stop aecdump when no audio processing module is present
[10380:7688:0619/180152.879:INFO:third_party\blink\renderer\modules\peerconnection\peer_connection_dependency_factory.cc:802] Running WebRTC with a combined Network and Worker thread.
[10380:24112:0619/180153.282:WARNING:third_party\webrtc\media\engine\webrtc_voice_engine.cc:803] Attempting to stop aecdump when no audio processing module is present
[10380:7688:0619/180154.284:INFO:third_party\blink\renderer\modules\peerconnection\peer_connection_dependency_factory.cc:802] Running WebRTC with a combined Network and Worker thread.
[10380:24112:0619/180154.776:WARNING:third_party\webrtc\media\engine\webrtc_voice_engine.cc:803] Attempting to stop aecdump when no audio processing module is present
[10380:7688:0619/180155.653:INFO:third_party\blink\renderer\modules\peerconnection\peer_connection_dependency_factory.cc:802] Running WebRTC with a combined Network and Worker thread.
[10380:24112:0619/180156.096:WARNING:third_party\webrtc\media\engine\webrtc_voice_engine.cc:803] Attempting to stop aecdump when no audio processing module is present
[10380:7688:0619/180156.970:INFO:third_party\blink\renderer\modules\peerconnection\peer_connection_dependency_factory.cc:802] Running WebRTC with a combined Network and Worker thread.
[10380:24112:0619/180157.403:WARNING:third_party\webrtc\media\engine\webrtc_voice_engine.cc:803] Attempting to stop aecdump when no audio processing module is present
[10380:7688:0619/180158.305:INFO:third_party\blink\renderer\modules\peerconnection\peer_connection_dependency_factory.cc:802] Running WebRTC with a combined Network and Worker thread.
[10380:7688:0619/180159.766:INFO:third_party\blink\renderer\modules\peerconnection\peer_connection_dependency_factory.cc:802] Running WebRTC with a combined Network and Worker thread.
[10380:24112:0619/180200.185:WARNING:third_party\webrtc\media\engine\webrtc_voice_engine.cc:803] Attempting to stop aecdump when no audio processing module is present
[10380:24112:0619/180200.206:WARNING:third_party\webrtc\media\engine\webrtc_voice_engine.cc:803] Attempting to stop aecdump when no audio processing module is present
[10380:7688:0619/180201.155:INFO:third_party\blink\renderer\modules\peerconnection\peer_connection_dependency_factory.cc:802] Running WebRTC with a combined Network and Worker thread.
[10380:24112:0619/180201.584:WARNING:third_party\webrtc\media\engine\webrtc_voice_engine.cc:803] Attempting to stop aecdump when no audio processing module is present
[10380:7688:0619/180202.378:INFO:third_party\blink\renderer\modules\peerconnection\peer_connection_dependency_factory.cc:802] Running WebRTC with a combined Network and Worker thread.
[10380:24112:0619/180202.860:WARNING:third_party\webrtc\media\engine\webrtc_voice_engine.cc:803] Attempting to stop aecdump when no audio processing module is present
[10380:7688:0619/180203.914:INFO:third_party\blink\renderer\modules\peerconnection\peer_connection_dependency_factory.cc:802] Running WebRTC with a combined Network and Worker thread.
[10380:24112:0619/180204.342:WARNING:third_party\webrtc\media\engine\webrtc_voice_engine.cc:803] Attempting to stop aecdump when no audio processing module is present
[10380:7688:0619/180205.331:INFO:third_party\blink\renderer\modules\peerconnection\peer_connection_dependency_factory.cc:802] Running WebRTC with a combined Network and Worker thread.
[10380:24112:0619/180205.741:WARNING:third_party\webrtc\media\engine\webrtc_voice_engine.cc:803] Attempting to stop aecdump when no audio processing module is present
[10380:7688:0619/180206.764:INFO:third_party\blink\renderer\modules\peerconnection\peer_connection_dependency_factory.cc:802] Running WebRTC with a combined Network and Worker thread.
[10380:24112:0619/180207.185:WARNING:third_party\webrtc\media\engine\webrtc_voice_engine.cc:803] Attempting to stop aecdump when no audio processing module is present
[10380:7688:0619/180208.177:INFO:third_party\blink\renderer\modules\peerconnection\peer_connection_dependency_factory.cc:802] Running WebRTC with a combined Network and Worker thread.
[10380:24112:0619/180209.551:WARNING:third_party\webrtc\media\engine\webrtc_voice_engine.cc:803] Attempting to stop aecdump when no audio processing module is present
[10380:7688:0619/180209.592:INFO:third_party\blink\renderer\modules\peerconnection\peer_connection_dependency_factory.cc:802] Running WebRTC with a combined Network and Worker thread.
[10380:7688:0619/180210.842:INFO:third_party\blink\renderer\modules\peerconnection\peer_connection_dependency_factory.cc:802] Running WebRTC with a combined Network and Worker thread.
[10380:24112:0619/180211.282:WARNING:third_party\webrtc\media\engine\webrtc_voice_engine.cc:803] Attempting to stop aecdump when no audio processing module is present
[10380:7688:0619/180212.244:INFO:third_party\blink\renderer\modules\peerconnection\peer_connection_dependency_factory.cc:802] Running WebRTC with a combined Network and Worker thread.
[10380:24112:0619/180212.638:WARNING:third_party\webrtc\media\engine\webrtc_voice_engine.cc:803] Attempting to stop aecdump when no audio processing module is present
[10380:24112:0619/180212.639:WARNING:third_party\webrtc\media\engine\webrtc_voice_engine.cc:803] Attempting to stop aecdump when no audio processing module is present
[10380:7688:0619/180213.499:INFO:third_party\blink\renderer\modules\peerconnection\peer_connection_dependency_factory.cc:802] Running WebRTC with a combined Network and Worker thread.
[10380:7688:0619/180214.929:INFO:third_party\blink\renderer\modules\peerconnection\peer_connection_dependency_factory.cc:802] Running WebRTC with a combined Network and Worker thread.
[10380:7688:0619/180216.346:INFO:third_party\blink\renderer\modules\peerconnection\peer_connection_dependency_factory.cc:802] Running WebRTC with a combined Network and Worker thread.
[10380:24112:0619/180216.789:WARNING:third_party\webrtc\media\engine\webrtc_voice_engine.cc:803] Attempting to stop aecdump when no audio processing module is present
[10380:24112:0619/180216.789:WARNING:third_party\webrtc\media\engine\webrtc_voice_engine.cc:803] Attempting to stop aecdump when no audio processing module is present
[10380:24112:0619/180216.801:WARNING:third_party\webrtc\media\engine\webrtc_voice_engine.cc:803] Attempting to stop aecdump when no audio processing module is present
[10380:7688:0619/180217.817:INFO:third_party\blink\renderer\modules\peerconnection\peer_connection_dependency_factory.cc:802] Running WebRTC with a combined Network and Worker thread.
[10380:24112:0619/180218.248:WARNING:third_party\webrtc\media\engine\webrtc_voice_engine.cc:803] Attempting to stop aecdump when no audio processing module is present
[10380:7688:0619/180219.223:INFO:third_party\blink\renderer\modules\peerconnection\peer_connection_dependency_factory.cc:802] Running WebRTC with a combined Network and Worker thread.
[10380:24112:0619/180219.658:WARNING:third_party\webrtc\media\engine\webrtc_voice_engine.cc:803] Attempting to stop aecdump when no audio processing module is present
[24888:27340:0619/180219.901:ERROR:google_apis\gcm\engine\registration_request.cc:291] Registration response error message: DEPRECATED_ENDPOINT
[10380:7688:0619/180220.667:INFO:third_party\blink\renderer\modules\peerconnection\peer_connection_dependency_factory.cc:802] Running WebRTC with a combined Network and Worker thread.
[10380:24112:0619/180221.103:WARNING:third_party\webrtc\media\engine\webrtc_voice_engine.cc:803] Attempting to stop aecdump when no audio processing module is present
[10380:7688:0619/180221.992:INFO:third_party\blink\renderer\modules\peerconnection\peer_connection_dependency_factory.cc:802] Running WebRTC with a combined Network and Worker thread.
[10380:24112:0619/180222.490:WARNING:third_party\webrtc\media\engine\webrtc_voice_engine.cc:803] Attempting to stop aecdump when no audio processing module is present
[10380:7688:0619/180223.646:INFO:third_party\blink\renderer\modules\peerconnection\peer_connection_dependency_factory.cc:802] Running WebRTC with a combined Network and Worker thread.
[10380:24112:0619/180224.073:WARNING:third_party\webrtc\media\engine\webrtc_voice_engine.cc:803] Attempting to stop aecdump when no audio processing module is present
[10380:7688:0619/180225.008:INFO:third_party\blink\renderer\modules\peerconnection\peer_connection_dependency_factory.cc:802] Running WebRTC with a combined Network and Worker thread.
[10380:24112:0619/180225.599:WARNING:third_party\webrtc\media\engine\webrtc_voice_engine.cc:803] Attempting to stop aecdump when no audio processing module is present
[10380:7688:0619/180226.640:INFO:third_party\blink\renderer\modules\peerconnection\peer_connection_dependency_factory.cc:802] Running WebRTC with a combined Network and Worker thread.
[10380:24112:0619/180227.098:WARNING:third_party\webrtc\media\engine\webrtc_voice_engine.cc:803] Attempting to stop aecdump when no audio processing module is present
[10380:7688:0619/180227.960:INFO:third_party\blink\renderer\modules\peerconnection\peer_connection_dependency_factory.cc:802] Running WebRTC with a combined Network and Worker thread.
[10380:24112:0619/180228.438:WARNING:third_party\webrtc\media\engine\webrtc_voice_engine.cc:803] Attempting to stop aecdump when no audio processing module is present
[10380:7688:0619/180229.425:INFO:third_party\blink\renderer\modules\peerconnection\peer_connection_dependency_factory.cc:802] Running WebRTC with a combined Network and Worker thread.
[10380:24112:0619/180229.859:WARNING:third_party\webrtc\media\engine\webrtc_voice_engine.cc:803] Attempting to stop aecdump when no audio processing module is present
[10380:7688:0619/180230.732:INFO:third_party\blink\renderer\modules\peerconnection\peer_connection_dependency_factory.cc:802] Running WebRTC with a combined Network and Worker thread.
[10380:24112:0619/180231.148:WARNING:third_party\webrtc\media\engine\webrtc_voice_engine.cc:803] Attempting to stop aecdump when no audio processing module is present
[10380:7688:0619/180232.216:INFO:third_party\blink\renderer\modules\peerconnection\peer_connection_dependency_factory.cc:802] Running WebRTC with a combined Network and Worker thread.
[10380:24112:0619/180232.627:WARNING:third_party\webrtc\media\engine\webrtc_voice_engine.cc:803] Attempting to stop aecdump when no audio processing module is present
[10380:7688:0619/180233.500:INFO:third_party\blink\renderer\modules\peerconnection\peer_connection_dependency_factory.cc:802] Running WebRTC with a combined Network and Worker thread.
[10380:7688:0619/180234.792:INFO:third_party\blink\renderer\modules\peerconnection\peer_connection_dependency_factory.cc:802] Running WebRTC with a combined Network and Worker thread.
[10380:24112:0619/180235.202:WARNING:third_party\webrtc\media\engine\webrtc_voice_engine.cc:803] Attempting to stop aecdump when no audio processing module is present
[10380:24112:0619/180235.226:WARNING:third_party\webrtc\media\engine\webrtc_voice_engine.cc:803] Attempting to stop aecdump when no audio processing module is present
[10380:7688:0619/180236.059:INFO:third_party\blink\renderer\modules\peerconnection\peer_connection_dependency_factory.cc:802] Running WebRTC with a combined Network and Worker thread.
[10380:24112:0619/180236.533:WARNING:third_party\webrtc\media\engine\webrtc_voice_engine.cc:803] Attempting to stop aecdump when no audio processing module is present
[10380:7688:0619/180237.402:INFO:third_party\blink\renderer\modules\peerconnection\peer_connection_dependency_factory.cc:802] Running WebRTC with a combined Network and Worker thread.
[10380:24112:0619/180237.842:WARNING:third_party\webrtc\media\engine\webrtc_voice_engine.cc:803] Attempting to stop aecdump when no audio processing module is present
[10380:7688:0619/180238.694:INFO:third_party\blink\renderer\modules\peerconnection\peer_connection_dependency_factory.cc:802] Running WebRTC with a combined Network and Worker thread.
[10380:24112:0619/180240.049:WARNING:third_party\webrtc\media\engine\webrtc_voice_engine.cc:803] Attempting to stop aecdump when no audio processing module is present
[10380:24112:0619/180240.057:WARNING:third_party\webrtc\media\engine\webrtc_voice_engine.cc:803] Attempting to stop aecdump when no audio processing module is present
[10380:7688:0619/180240.096:INFO:third_party\blink\renderer\modules\peerconnection\peer_connection_dependency_factory.cc:802] Running WebRTC with a combined Network and Worker thread.
[10380:7688:0619/180241.552:INFO:third_party\blink\renderer\modules\peerconnection\peer_connection_dependency_factory.cc:802] Running WebRTC with a combined Network and Worker thread.
[10380:7688:0619/180243.020:INFO:third_party\blink\renderer\modules\peerconnection\peer_connection_dependency_factory.cc:802] Running WebRTC with a combined Network and Worker thread.
[10380:24112:0619/180243.445:WARNING:third_party\webrtc\media\engine\webrtc_voice_engine.cc:803] Attempting to stop aecdump when no audio processing module is present
[10380:24112:0619/180243.446:WARNING:third_party\webrtc\media\engine\webrtc_voice_engine.cc:803] Attempting to stop aecdump when no audio processing module is present
[10380:7688:0619/180244.428:INFO:third_party\blink\renderer\modules\peerconnection\peer_connection_dependency_factory.cc:802] Running WebRTC with a combined Network and Worker thread.
[10380:24112:0619/180244.844:WARNING:third_party\webrtc\media\engine\webrtc_voice_engine.cc:803] Attempting to stop aecdump when no audio processing module is present
[10380:7688:0619/180245.704:INFO:third_party\blink\renderer\modules\peerconnection\peer_connection_dependency_factory.cc:802] Running WebRTC with a combined Network and Worker thread.
[10380:24112:0619/180246.125:WARNING:third_party\webrtc\media\engine\webrtc_voice_engine.cc:803] Attempting to stop aecdump when no audio processing module is present
[10380:7688:0619/180246.998:INFO:third_party\blink\renderer\modules\peerconnection\peer_connection_dependency_factory.cc:802] Running WebRTC with a combined Network and Worker thread.
[10380:7688:0619/180248.502:INFO:third_party\blink\renderer\modules\peerconnection\peer_connection_dependency_factory.cc:802] Running WebRTC with a combined Network and Worker thread.
[10380:24112:0619/180248.884:WARNING:third_party\webrtc\media\engine\webrtc_voice_engine.cc:803] Attempting to stop aecdump when no audio processing module is present
[10380:24112:0619/180248.907:WARNING:third_party\webrtc\media\engine\webrtc_voice_engine.cc:803] Attempting to stop aecdump when no audio processing module is present
[10380:7688:0619/180249.927:INFO:third_party\blink\renderer\modules\peerconnection\peer_connection_dependency_factory.cc:802] Running WebRTC with a combined Network and Worker thread.
[10380:24112:0619/180250.346:WARNING:third_party\webrtc\media\engine\webrtc_voice_engine.cc:803] Attempting to stop aecdump when no audio processing module is present
[10380:7688:0619/180251.380:INFO:third_party\blink\renderer\modules\peerconnection\peer_connection_dependency_factory.cc:802] Running WebRTC with a combined Network and Worker thread.
[10380:24112:0619/180251.796:WARNING:third_party\webrtc\media\engine\webrtc_voice_engine.cc:803] Attempting to stop aecdump when no audio processing module is present
[10380:7688:0619/180252.768:INFO:third_party\blink\renderer\modules\peerconnection\peer_connection_dependency_factory.cc:802] Running WebRTC with a combined Network and Worker thread.
[10380:24112:0619/180253.190:WARNING:third_party\webrtc\media\engine\webrtc_voice_engine.cc:803] Attempting to stop aecdump when no audio processing module is present
[10380:7688:0619/180254.001:INFO:third_party\blink\renderer\modules\peerconnection\peer_connection_dependency_factory.cc:802] Running WebRTC with a combined Network and Worker thread.
[10380:24112:0619/180254.473:WARNING:third_party\webrtc\media\engine\webrtc_voice_engine.cc:803] Attempting to stop aecdump when no audio processing module is present
[10380:7688:0619/180255.497:INFO:third_party\blink\renderer\modules\peerconnection\peer_connection_dependency_factory.cc:802] Running WebRTC with a combined Network and Worker thread.
[10380:24112:0619/180255.932:WARNING:third_party\webrtc\media\engine\webrtc_voice_engine.cc:803] Attempting to stop aecdump when no audio processing module is present
[10380:7688:0619/180256.968:INFO:third_party\blink\renderer\modules\peerconnection\peer_connection_dependency_factory.cc:802] Running WebRTC with a combined Network and Worker thread.
[10380:24112:0619/180257.394:WARNING:third_party\webrtc\media\engine\webrtc_voice_engine.cc:803] Attempting to stop aecdump when no audio processing module is present
[10380:7688:0619/180258.255:INFO:third_party\blink\renderer\modules\peerconnection\peer_connection_dependency_factory.cc:802] Running WebRTC with a combined Network and Worker thread.
[10380:24112:0619/180258.686:WARNING:third_party\webrtc\media\engine\webrtc_voice_engine.cc:803] Attempting to stop aecdump when no audio processing module is present
[10380:24112:0619/180259.709:WARNING:third_party\webrtc\media\engine\webrtc_voice_engine.cc:803] Attempting to stop aecdump when no audio processing module is present
[10380:7688:0619/180259.756:INFO:third_party\blink\renderer\modules\peerconnection\peer_connection_dependency_factory.cc:802] Running WebRTC with a combined Network and Worker thread.
[10380:7688:0619/180301.460:INFO:third_party\blink\renderer\modules\peerconnection\peer_connection_dependency_factory.cc:802] Running WebRTC with a combined Network and Worker thread.
[10380:7688:0619/180303.157:INFO:third_party\blink\renderer\modules\peerconnection\peer_connection_dependency_factory.cc:802] Running WebRTC with a combined Network and Worker thread.
[10380:24112:0619/180303.594:WARNING:third_party\webrtc\media\engine\webrtc_voice_engine.cc:803] Attempting to stop aecdump when no audio processing module is present
[10380:7688:0619/180304.571:INFO:third_party\blink\renderer\modules\peerconnection\peer_connection_dependency_factory.cc:802] Running WebRTC with a combined Network and Worker thread.
[10380:7688:0619/180306.056:INFO:third_party\blink\renderer\modules\peerconnection\peer_connection_dependency_factory.cc:802] Running WebRTC with a combined Network and Worker thread.
[10380:24112:0619/180306.500:WARNING:third_party\webrtc\media\engine\webrtc_voice_engine.cc:803] Attempting to stop aecdump when no audio processing module is present
[10380:24112:0619/180306.500:WARNING:third_party\webrtc\media\engine\webrtc_voice_engine.cc:803] Attempting to stop aecdump when no audio processing module is present
[10380:7688:0619/180307.496:INFO:third_party\blink\renderer\modules\peerconnection\peer_connection_dependency_factory.cc:802] Running WebRTC with a combined Network and Worker thread.
[10380:24112:0619/180307.905:WARNING:third_party\webrtc\media\engine\webrtc_voice_engine.cc:803] Attempting to stop aecdump when no audio processing module is present
[10380:24112:0619/180307.922:WARNING:third_party\webrtc\media\engine\webrtc_voice_engine.cc:803] Attempting to stop aecdump when no audio processing module is present
[10380:7688:0619/180308.917:INFO:third_party\blink\renderer\modules\peerconnection\peer_connection_dependency_factory.cc:802] Running WebRTC with a combined Network and Worker thread.
[10380:24112:0619/180309.351:WARNING:third_party\webrtc\media\engine\webrtc_voice_engine.cc:803] Attempting to stop aecdump when no audio processing module is present
[10380:7688:0619/180310.421:INFO:third_party\blink\renderer\modules\peerconnection\peer_connection_dependency_factory.cc:802] Running WebRTC with a combined Network and Worker thread.
[10380:24112:0619/180310.824:WARNING:third_party\webrtc\media\engine\webrtc_voice_engine.cc:803] Attempting to stop aecdump when no audio processing module is present
[10380:7688:0619/180311.744:INFO:third_party\blink\renderer\modules\peerconnection\peer_connection_dependency_factory.cc:802] Running WebRTC with a combined Network and Worker thread.
[10380:24112:0619/180312.151:WARNING:third_party\webrtc\media\engine\webrtc_voice_engine.cc:803] Attempting to stop aecdump when no audio processing module is present
[10380:7688:0619/180313.039:INFO:third_party\blink\renderer\modules\peerconnection\peer_connection_dependency_factory.cc:802] Running WebRTC with a combined Network and Worker thread.
[10380:24112:0619/180313.461:WARNING:third_party\webrtc\media\engine\webrtc_voice_engine.cc:803] Attempting to stop aecdump when no audio processing module is present
[10380:7688:0619/180314.315:INFO:third_party\blink\renderer\modules\peerconnection\peer_connection_dependency_factory.cc:802] Running WebRTC with a combined Network and Worker thread.
[10380:24112:0619/180314.771:WARNING:third_party\webrtc\media\engine\webrtc_voice_engine.cc:803] Attempting to stop aecdump when no audio processing module is present
[10380:7688:0619/180315.840:INFO:third_party\blink\renderer\modules\peerconnection\peer_connection_dependency_factory.cc:802] Running WebRTC with a combined Network and Worker thread.
[10380:24112:0619/180316.269:WARNING:third_party\webrtc\media\engine\webrtc_voice_engine.cc:803] Attempting to stop aecdump when no audio processing module is present
[10380:7688:0619/180317.287:INFO:third_party\blink\renderer\modules\peerconnection\peer_connection_dependency_factory.cc:802] Running WebRTC with a combined Network and Worker thread.
[10380:24112:0619/180317.681:WARNING:third_party\webrtc\media\engine\webrtc_voice_engine.cc:803] Attempting to stop aecdump when no audio processing module is present
[10380:7688:0619/180318.787:INFO:third_party\blink\renderer\modules\peerconnection\peer_connection_dependency_factory.cc:802] Running WebRTC with a combined Network and Worker thread.
[10380:24112:0619/180319.207:WARNING:third_party\webrtc\media\engine\webrtc_voice_engine.cc:803] Attempting to stop aecdump when no audio processing module is present
[10380:7688:0619/180320.191:INFO:third_party\blink\renderer\modules\peerconnection\peer_connection_dependency_factory.cc:802] Running WebRTC with a combined Network and Worker thread.
[10380:24112:0619/180320.649:WARNING:third_party\webrtc\media\engine\webrtc_voice_engine.cc:803] Attempting to stop aecdump when no audio processing module is present
[10380:7688:0619/180321.724:INFO:third_party\blink\renderer\modules\peerconnection\peer_connection_dependency_factory.cc:802] Running WebRTC with a combined Network and Worker thread.
[10380:24112:0619/180322.167:WARNING:third_party\webrtc\media\engine\webrtc_voice_engine.cc:803] Attempting to stop aecdump when no audio processing module is present
